<?xml version="1.0" encoding="UTF-8"?>
<!-- Generated by org.testng.reporters.JUnitReportReporter -->
<testsuite hostname="DESKTOP-4DISQ5I" failures="0" tests="1" name="com.epam.lab.DecoratorTest" time="14.595" errors="0" timestamp="24 May 2018 21:53:07 GMT">
  <testcase classname="com.epam.lab.DecoratorTest" name="testDecorator" time="14.595"/>
</testsuite> <!-- com.epam.lab.DecoratorTest -->
